Using pre-set license
Built from '2021.1/china_unity/release' branch; Version is '2021.1.5f1c1 (6e5a93ddf9be) revision 7232147'; Using compiler version '192528614'; Build Type 'Release'
OS: 'Windows 10 Home China; OS build 19042.1052; Version 2009; 64bit' Language: 'zh' Physical Memory: 32661 MB
BatchMode: 1, IsHumanControllingUs: 0, StartBugReporterOnCrash: 0, Is64bit: 1, IsPro: 0

 COMMAND LINE ARGUMENTS:
C:\Program Files\Unity\Hub\Editor\2021.1.5f1c1\Editor\Unity.exe
-adb2
-batchMode
-noUpm
-name
AssetImportWorker0
-projectPath
D:/UnityProject/MMOGame
-logFile
Logs/AssetImportWorker0.log
-srvPort
65523
Successfully changed project path to: D:/UnityProject/MMOGame
D:/UnityProject/MMOGame
Using Asset Import Pipeline V2.
Refreshing native plugins compatible for Editor in 67.93 ms, found 1 plugins.
Preloading 0 native plugins for Editor in 0.00 ms.
Initialize engine version: 2021.1.5f1c1 (6e5a93ddf9be)
[Subsystems] Discovering subsystems at path C:/Program Files/Unity/Hub/Editor/2021.1.5f1c1/Editor/Data/Resources/UnitySubsystems
[Subsystems] Discovering subsystems at path D:/UnityProject/MMOGame/Assets
GfxDevice: creating device client; threaded=0; jobified=0
Direct3D:
    Version:  Direct3D 11.0 [level 11.1]
    Renderer: NVIDIA GeForce RTX 3070 Laptop GPU (ID=0x249d)
    Vendor:   NVIDIA
    VRAM:     8044 MB
    Driver:   27.21.14.6677
Initialize mono
Mono path[0] = 'C:/Program Files/Unity/Hub/Editor/2021.1.5f1c1/Editor/Data/Managed'
Mono path[1] = 'C:/Program Files/Unity/Hub/Editor/2021.1.5f1c1/Editor/Data/MonoBleedingEdge/lib/mono/unityjit'
Mono config path = 'C:/Program Files/Unity/Hub/Editor/2021.1.5f1c1/Editor/Data/MonoBleedingEdge/etc'
Using monoOptions --debugger-agent=transport=dt_socket,embedding=1,server=y,suspend=n,address=127.0.0.1:56168
Begin MonoManager ReloadAssembly
Registering precompiled unity dll's ...
Register platform support module: C:/Program Files/Unity/Hub/Editor/2021.1.5f1c1/Editor/Data/PlaybackEngines/WebGLSupport/UnityEditor.WebGL.Extensions.dll
Register platform support module: C:/Program Files/Unity/Hub/Editor/2021.1.5f1c1/Editor/Data/PlaybackEngines/WindowsStandaloneSupport/UnityEditor.WindowsStandalone.Extensions.dll
Registered in 0.011851 seconds.
Native extension for WindowsStandalone target not found
Native extension for WebGL target not found
Refreshing native plugins compatible for Editor in 69.99 ms, found 1 plugins.
Preloading 0 native plugins for Editor in 0.00 ms.
Mono: successfully reloaded assembly
- Completed reload, in  1.621 seconds
Platform modules already initialized, skipping
Registering precompiled user dll's ...
Registered in 0.003488 seconds.
Begin MonoManager ReloadAssembly
Native extension for WindowsStandalone target not found
Native extension for WebGL target not found
Refreshing native plugins compatible for Editor in 0.45 ms, found 1 plugins.
Preloading 0 native plugins for Editor in 0.00 ms.
Mono: successfully reloaded assembly
- Completed reload, in  1.057 seconds
Platform modules already initialized, skipping
========================================================================
Worker process is ready to serve import requests
Launched and connected shader compiler UnityShaderCompiler.exe after 0.05 seconds
Refreshing native plugins compatible for Editor in 0.51 ms, found 1 plugins.
Preloading 0 native plugins for Editor in 0.00 ms.
Unloading 2667 Unused Serialized files (Serialized files now loaded: 0)
System memory in use before: 98.1 MB.
System memory in use after: 98.3 MB.

Unloading 14 unused Assets to reduce memory usage. Loaded Objects now: 3120.
Total: 2.003300 ms (FindLiveObjects: 0.248600 ms CreateObjectMapping: 0.158200 ms MarkObjects: 1.542900 ms  DeleteObjects: 0.052700 ms)

========================================================================
Received Import Request.
  path: Assets/MMO_MemoryStream.cs
  artifactKey: Guid(08f40a84ff2841547b9960a9528d5af1) Importer(815301076,1909f56bfc062723c751e8b465ee728b)
Start importing Assets/MMO_MemoryStream.cs using Guid(08f40a84ff2841547b9960a9528d5af1) Importer(815301076,1909f56bfc062723c751e8b465ee728b)  -> (artifact id: 'e1fa4bf6ff4899d7959cb53de6791287') in 0.042730 seconds 
========================================================================
Received Import Request.
  Time since last request: 26.122470 seconds.
  path: Assets/TestMMO.cs
  artifactKey: Guid(90b6492a52ba7fc44a8b42c5ae0bacd5) Importer(815301076,1909f56bfc062723c751e8b465ee728b)
Start importing Assets/TestMMO.cs using Guid(90b6492a52ba7fc44a8b42c5ae0bacd5) Importer(815301076,1909f56bfc062723c751e8b465ee728b)  -> (artifact id: '94b0b9628c78b56fe9250f45935beee9') in 0.002895 seconds 
AssetImportWorkerClient::OnTransportError - code=2 error=End of file
